No logs to delete. In folder: 2. To keep: 10.
[2024-12-09 05:00:05]: Script started.
[2024-12-09 05:00:05]: Getting offline tournament data...
[2024-12-09 05:00:36]: Getting data of tournament LIFTING IRON...
[2024-12-09 05:01:08]: Getting data of tournament Don't Drown in Pools 2024...
[2024-12-09 05:01:39]: Getting data of tournament Don't Drown in Pools, Vol.3...
[2024-12-09 05:02:10]: Getting data of tournament The Wiri Store Melee Tournament #3...
[2024-12-09 05:02:26]: Getting data of tournament The Wiri Store Melee Tournament #2.5...
[2024-12-09 05:02:58]: Getting data of tournament The Wiri Store Melee Tournament #1...
[2024-12-09 05:03:13]: Getting data of tournament Game Over 2019...
[2024-12-09 05:03:29]: Getting data of tournament Fighting Fest 2018...
[2024-12-09 05:04:16]: Getting data of tournament Game Over Tournament...
[2024-12-09 05:04:16]: Tabulating offline tournaments data...
[2024-12-09 05:04:16]: Writing to Google Sheets...
[2024-12-09 05:04:18]: 80 cells updated for offline events.
[2024-12-09 05:05:05]: Getting data of tournament Liga Slippi Dominicana 2024 - Semana 8 (Final de temporada)...
[2024-12-09 05:05:36]: Getting data of tournament Liga Slippi Dominicana 2024 - Semana 7...
[2024-12-09 05:05:52]: Getting data of tournament Liga Slippi Dominicana 2024 - Semana 6 ($22 Pot para Div 2)...
[2024-12-09 05:06:08]: Getting data of tournament Liga Slippi Dominicana 2024 - Semana 6 ($22 Pot para Div 2)...
[2024-12-09 05:06:23]: Getting data of tournament Liga Slippi Dominicana 2024 - Semana 6 ($22 Pot para Div 2)...
[2024-12-09 05:06:39]: Getting data of tournament Liga Slippi Dominicana 2024 - Semana 5 (15$ pot)...
[2024-12-09 05:06:55]: Getting data of tournament Liga Slippi Dominicana 2024 - Semana 5 (15$ pot)...
[2024-12-09 05:07:11]: Getting data of tournament Liga Slippi Dominicana 2024 - Semana 5 (15$ pot)...
[2024-12-09 05:07:26]: Getting data of tournament Liga Slippi Dominicana 2024 - Semana 4...
[2024-12-09 05:07:42]: Getting data of tournament Liga Slippi Dominicana 2024 - Semana 4...
[2024-12-09 05:07:58]: Getting data of tournament Liga Slippi Dominicana 2024 - Semana 4...
[2024-12-09 05:08:13]: Getting data of tournament Liga Slippi Dominicana 2024 - Semana 3...
[2024-12-09 05:08:29]: Getting data of tournament Liga Slippi Dominicana 2024 - Semana 3...
[2024-12-09 05:08:45]: Getting data of tournament Liga Slippi Dominicana 2024 - Semana 3...
[2024-12-09 05:09:01]: Getting data of tournament Liga Slippi Dominicana 2024 - Semana 2...
[2024-12-09 05:09:16]: Getting data of tournament Liga Slippi Dominicana 2024 - Semana 2...
[2024-12-09 05:09:32]: Getting data of tournament Liga Slippi Dominicana 2024 - Semana 2...
[2024-12-09 05:09:48]: Getting data of tournament Liga Slippi Dominicana 2024 - Semana 1...
[2024-12-09 05:10:03]: Getting data of tournament Liga Slippi Dominicana 2024 - Semana 1...
[2024-12-09 05:10:19]: Getting data of tournament Liga Slippi Dominicana 2024 - Semana 1...
[2024-12-09 05:10:35]: Getting data of tournament SEÑORE #1 - Low Tiers Edition...
[2024-12-09 05:11:06]: Getting data of tournament Since Ase Pila Tournament...
[2024-12-09 05:11:22]: Getting data of tournament The Neutralizer #1...
[2024-12-09 05:11:53]: Getting data of tournament Leof is bored tournament...
[2024-12-09 05:12:56]: Getting data of tournament Fo ta roto...
[2024-12-09 05:13:11]: Getting data of tournament The Slippi Arc DR #5...
[2024-12-09 05:13:27]: Getting data of tournament The Slippi Arc DR #4...
[2024-12-09 05:13:43]: Getting data of tournament The Slippi Arc DR #3...
[2024-12-09 05:13:59]: Getting data of tournament The Slippi Arc DR #2...
[2024-12-09 05:14:15]: Getting data of tournament The Slippi Arc DR #1...
[2024-12-09 05:14:30]: Getting data of tournament The Slippi Arc DR #0.5 Reverse Mainss...
[2024-12-09 05:14:30]: Tabulating online tournaments data...
[2024-12-09 05:15:02]: Getting data of tournament Smash Zell Last Dance Edition (#15)...
[2024-12-09 05:15:18]: Getting data of tournament Smash Zell Melee Edition #14 (Ranking ends December 30)...
[2024-12-09 05:15:33]: Getting data of tournament Smash Zell Melee edition #12+1...
[2024-12-09 05:15:49]: Getting data of tournament Smash Zell Melee edition #12...
[2024-12-09 05:16:05]: Getting data of tournament Smash Zell Melee edition #11...
[2024-12-09 05:16:21]: Getting data of tournament Smash Zell Melee Pendej0s Edition#2...
[2024-12-09 05:16:36]: Getting data of tournament Smash Zell Advanced Melee edition #1: 30$...
[2024-12-09 05:16:52]: Getting data of tournament Smash Zell Melee LOW LEVEL edition:...
[2024-12-09 05:17:08]: Getting data of tournament Smash Zell Melee edition #10: 10$ to the winner...
[2024-12-09 05:17:23]: Getting data of tournament Smash Zell Melee edition #9: 10$ to the winner...
[2024-12-09 05:17:39]: Getting data of tournament Smash Zell Melee edition #8: 10$ to the winner...
[2024-12-09 05:17:55]: Getting data of tournament Smash Zell Melee edition #7: 10$ to the winner...
[2024-12-09 05:18:10]: Getting data of tournament Smash Zell Melee edition #6...
[2024-12-09 05:18:26]: Getting data of tournament Smash Zell Melee edition #5 (New season): 10$ to the winner...
[2024-12-09 05:18:42]: Getting data of tournament Smash Zell Melee edition #4 (Final season): 10$ to the winner...
[2024-12-09 05:18:57]: Getting data of tournament Smash Zell Melee edition #3: 10$ to the winner...
[2024-12-09 05:19:13]: Getting data of tournament Smash Zell Melee edition#2: 20$ to the winner...
[2024-12-09 05:19:29]: Getting data of tournament Smash Zell Melee edition: 10$ to the winner...
[2024-12-09 05:19:29]: Tabulating online tournaments data...
[2024-12-09 05:20:00]: Getting data of tournament no meta, mardito maco DELUXE...
[2024-12-09 05:20:16]: Getting data of tournament no meta, mardito maco X...
[2024-12-09 05:20:32]: Getting data of tournament no meta, mardito maco 9...
[2024-12-09 05:20:48]: Getting data of tournament No meta, mardito maco 8...
[2024-12-09 05:21:03]: Getting data of tournament No meta, mardito maco 7...
[2024-12-09 05:21:35]: Getting data of tournament No meta, mardito maco 6...
[2024-12-09 05:21:50]: Getting data of tournament No meta, mardito maco 5...
[2024-12-09 05:22:06]: Getting data of tournament No meta, mardito maco 4...
[2024-12-09 05:22:22]: Getting data of tournament No meta, mardito maco 3...
[2024-12-09 05:22:38]: Getting data of tournament No meta, mardito maco 2...
[2024-12-09 05:22:53]: Getting data of tournament No meta, mardito maco...
[2024-12-09 05:22:53]: Tabulating online tournaments data...
[2024-12-09 05:22:53]: Joining online tournament data...
[2024-12-09 05:22:53]: Writing to Google Sheets...
[2024-12-09 05:22:56]: Error writing online tournaments data to Google Sheets. Error: <HttpError 503 when requesting https://sheets.googleapis.com/v4/spreadsheets/1cnDB0ZgfKTGVBpcZGm9t2wee5uCpPVLZ3sPR4rmnofc/values/Sheet1%21A1?valueInputOption=RAW&alt=json returned "The service is currently unavailable.". Details: "The service is currently unavailable.">
[2024-12-09 05:22:56]: Script finished.
