No logs to delete. In folder: 5. To keep: 10.
[2024-12-30 05:00:04]: Script started.
[2024-12-30 05:00:04]: Getting offline tournament data...
[2024-12-30 05:00:36]: Getting data of tournament LIFTING IRON...
[2024-12-30 05:01:07]: Getting data of tournament Don't Drown in Pools 2024...
[2024-12-30 05:01:39]: Getting data of tournament Don't Drown in Pools, Vol.3...
[2024-12-30 05:02:10]: Getting data of tournament The Wiri Store Melee Tournament #3...
[2024-12-30 05:02:26]: Getting data of tournament The Wiri Store Melee Tournament #2.5...
[2024-12-30 05:02:57]: Getting data of tournament The Wiri Store Melee Tournament #1...
[2024-12-30 05:03:13]: Getting data of tournament Game Over 2019...
[2024-12-30 05:03:28]: Getting data of tournament Fighting Fest 2018...
[2024-12-30 05:04:15]: Getting data of tournament Game Over Tournament...
[2024-12-30 05:04:15]: Tabulating offline tournaments data...
[2024-12-30 05:04:15]: Writing to Google Sheets...
[2024-12-30 05:04:17]: 80 cells updated for offline events.
[2024-12-30 05:05:04]: Getting data of tournament Liga Slippi Dominicana 2024 - Semana 8 (Final de temporada)...
[2024-12-30 05:05:36]: Getting data of tournament Liga Slippi Dominicana 2024 - Semana 7...
[2024-12-30 05:05:51]: Getting data of tournament Liga Slippi Dominicana 2024 - Semana 6 ($22 Pot para Div 2)...
[2024-12-30 05:06:07]: Getting data of tournament Liga Slippi Dominicana 2024 - Semana 6 ($22 Pot para Div 2)...
[2024-12-30 05:06:23]: Getting data of tournament Liga Slippi Dominicana 2024 - Semana 6 ($22 Pot para Div 2)...
[2024-12-30 05:06:38]: Getting data of tournament Liga Slippi Dominicana 2024 - Semana 5 (15$ pot)...
[2024-12-30 05:06:54]: Getting data of tournament Liga Slippi Dominicana 2024 - Semana 5 (15$ pot)...
[2024-12-30 05:07:10]: Getting data of tournament Liga Slippi Dominicana 2024 - Semana 5 (15$ pot)...
[2024-12-30 05:07:25]: Getting data of tournament Liga Slippi Dominicana 2024 - Semana 4...
[2024-12-30 05:07:41]: Getting data of tournament Liga Slippi Dominicana 2024 - Semana 4...
[2024-12-30 05:07:57]: Getting data of tournament Liga Slippi Dominicana 2024 - Semana 4...
[2024-12-30 05:08:12]: Getting data of tournament Liga Slippi Dominicana 2024 - Semana 3...
[2024-12-30 05:08:28]: Getting data of tournament Liga Slippi Dominicana 2024 - Semana 3...
[2024-12-30 05:08:44]: Getting data of tournament Liga Slippi Dominicana 2024 - Semana 3...
[2024-12-30 05:08:59]: Getting data of tournament Liga Slippi Dominicana 2024 - Semana 2...
[2024-12-30 05:09:15]: Getting data of tournament Liga Slippi Dominicana 2024 - Semana 2...
[2024-12-30 05:09:31]: Getting data of tournament Liga Slippi Dominicana 2024 - Semana 2...
[2024-12-30 05:09:46]: Getting data of tournament Liga Slippi Dominicana 2024 - Semana 1...
[2024-12-30 05:10:02]: Getting data of tournament Liga Slippi Dominicana 2024 - Semana 1...
[2024-12-30 05:10:18]: Getting data of tournament Liga Slippi Dominicana 2024 - Semana 1...
[2024-12-30 05:10:34]: Getting data of tournament SEÑORE #1 - Low Tiers Edition...
[2024-12-30 05:11:05]: Getting data of tournament Since Ase Pila Tournament...
[2024-12-30 05:11:21]: Getting data of tournament The Neutralizer #1...
[2024-12-30 05:11:52]: Getting data of tournament Leof is bored tournament...
[2024-12-30 05:12:54]: Getting data of tournament Fo ta roto...
[2024-12-30 05:13:10]: Getting data of tournament The Slippi Arc DR #5...
[2024-12-30 05:13:26]: Getting data of tournament The Slippi Arc DR #4...
[2024-12-30 05:13:41]: Getting data of tournament The Slippi Arc DR #3...
[2024-12-30 05:13:57]: Getting data of tournament The Slippi Arc DR #2...
[2024-12-30 05:14:13]: Getting data of tournament The Slippi Arc DR #1...
[2024-12-30 05:14:28]: Getting data of tournament The Slippi Arc DR #0.5 Reverse Mainss...
[2024-12-30 05:14:28]: Tabulating online tournaments data...
[2024-12-30 05:15:00]: Getting data of tournament Smash Zell Last Dance Edition (#15)...
[2024-12-30 05:15:15]: Getting data of tournament Smash Zell Melee Edition #14 (Ranking ends December 30)...
[2024-12-30 05:15:31]: Getting data of tournament Smash Zell Melee edition #12+1...
[2024-12-30 05:15:47]: Getting data of tournament Smash Zell Melee edition #12...
[2024-12-30 05:16:02]: Getting data of tournament Smash Zell Melee edition #11...
[2024-12-30 05:16:18]: Getting data of tournament Smash Zell Melee Pendej0s Edition#2...
[2024-12-30 05:16:34]: Getting data of tournament Smash Zell Advanced Melee edition #1: 30$...
[2024-12-30 05:16:49]: Getting data of tournament Smash Zell Melee LOW LEVEL edition:...
[2024-12-30 05:17:05]: Getting data of tournament Smash Zell Melee edition #10: 10$ to the winner...
[2024-12-30 05:17:21]: Getting data of tournament Smash Zell Melee edition #9: 10$ to the winner...
[2024-12-30 05:17:36]: Getting data of tournament Smash Zell Melee edition #8: 10$ to the winner...
[2024-12-30 05:17:52]: Getting data of tournament Smash Zell Melee edition #7: 10$ to the winner...
[2024-12-30 05:18:08]: Getting data of tournament Smash Zell Melee edition #6...
[2024-12-30 05:18:23]: Getting data of tournament Smash Zell Melee edition #5 (New season): 10$ to the winner...
[2024-12-30 05:18:39]: Getting data of tournament Smash Zell Melee edition #4 (Final season): 10$ to the winner...
[2024-12-30 05:18:55]: Getting data of tournament Smash Zell Melee edition #3: 10$ to the winner...
[2024-12-30 05:19:10]: Getting data of tournament Smash Zell Melee edition#2: 20$ to the winner...
[2024-12-30 05:19:26]: Getting data of tournament Smash Zell Melee edition: 10$ to the winner...
[2024-12-30 05:19:26]: Tabulating online tournaments data...
[2024-12-30 05:19:57]: Getting data of tournament no meta, mardito maco DELUXE...
[2024-12-30 05:20:13]: Getting data of tournament no meta, mardito maco X...
[2024-12-30 05:20:29]: Getting data of tournament no meta, mardito maco 9...
[2024-12-30 05:20:44]: Getting data of tournament No meta, mardito maco 8...
[2024-12-30 05:21:00]: Getting data of tournament No meta, mardito maco 7...
[2024-12-30 05:21:31]: Getting data of tournament No meta, mardito maco 6...
[2024-12-30 05:21:47]: Getting data of tournament No meta, mardito maco 5...
[2024-12-30 05:22:03]: Getting data of tournament No meta, mardito maco 4...
[2024-12-30 05:22:18]: Getting data of tournament No meta, mardito maco 3...
[2024-12-30 05:22:34]: Getting data of tournament No meta, mardito maco 2...
[2024-12-30 05:22:50]: Getting data of tournament No meta, mardito maco...
[2024-12-30 05:22:50]: Tabulating online tournaments data...
[2024-12-30 05:22:50]: Joining online tournament data...
[2024-12-30 05:22:50]: Writing to Google Sheets...
[2024-12-30 05:22:50]: 488 cells updated for online events.
[2024-12-30 05:22:50]: Script finished.
