No logs to delete. In folder: 9. To keep: 10.
[2025-01-27 05:00:03]: Script started.
[2025-01-27 05:00:03]: Getting offline tournament data...
[2025-01-27 05:00:35]: Getting data of tournament LIFTING IRON...
[2025-01-27 05:01:06]: Getting data of tournament Don't Drown in Pools 2024...
[2025-01-27 05:01:37]: Getting data of tournament Don't Drown in Pools, Vol.3...
[2025-01-27 05:02:09]: Getting data of tournament The Wiri Store Melee Tournament #3...
[2025-01-27 05:02:24]: Getting data of tournament The Wiri Store Melee Tournament #2.5...
[2025-01-27 05:02:56]: Getting data of tournament The Wiri Store Melee Tournament #1...
[2025-01-27 05:03:11]: Getting data of tournament Game Over 2019...
[2025-01-27 05:03:27]: Getting data of tournament Fighting Fest 2018...
[2025-01-27 05:04:14]: Getting data of tournament Game Over Tournament...
[2025-01-27 05:04:14]: Tabulating offline tournaments data...
[2025-01-27 05:04:14]: Writing to Google Sheets...
[2025-01-27 05:04:16]: 80 cells updated for offline events.
[2025-01-27 05:05:03]: Getting data of tournament Liga Slippi Dominicana 2024 - Semana 8 (Final de temporada)...
[2025-01-27 05:05:34]: Getting data of tournament Liga Slippi Dominicana 2024 - Semana 7...
[2025-01-27 05:05:50]: Getting data of tournament Liga Slippi Dominicana 2024 - Semana 6 ($22 Pot para Div 2)...
[2025-01-27 05:06:06]: Getting data of tournament Liga Slippi Dominicana 2024 - Semana 6 ($22 Pot para Div 2)...
[2025-01-27 05:06:21]: Getting data of tournament Liga Slippi Dominicana 2024 - Semana 6 ($22 Pot para Div 2)...
[2025-01-27 05:06:37]: Getting data of tournament Liga Slippi Dominicana 2024 - Semana 5 (15$ pot)...
[2025-01-27 05:06:53]: Getting data of tournament Liga Slippi Dominicana 2024 - Semana 5 (15$ pot)...
[2025-01-27 05:07:08]: Getting data of tournament Liga Slippi Dominicana 2024 - Semana 5 (15$ pot)...
[2025-01-27 05:07:24]: Getting data of tournament Liga Slippi Dominicana 2024 - Semana 4...
[2025-01-27 05:07:40]: Getting data of tournament Liga Slippi Dominicana 2024 - Semana 4...
[2025-01-27 05:07:55]: Getting data of tournament Liga Slippi Dominicana 2024 - Semana 4...
[2025-01-27 05:08:11]: Getting data of tournament Liga Slippi Dominicana 2024 - Semana 3...
[2025-01-27 05:08:27]: Getting data of tournament Liga Slippi Dominicana 2024 - Semana 3...
[2025-01-27 05:08:42]: Getting data of tournament Liga Slippi Dominicana 2024 - Semana 3...
[2025-01-27 05:08:58]: Getting data of tournament Liga Slippi Dominicana 2024 - Semana 2...
[2025-01-27 05:09:13]: Getting data of tournament Liga Slippi Dominicana 2024 - Semana 2...
[2025-01-27 05:09:29]: Getting data of tournament Liga Slippi Dominicana 2024 - Semana 2...
[2025-01-27 05:09:45]: Getting data of tournament Liga Slippi Dominicana 2024 - Semana 1...
[2025-01-27 05:10:00]: Getting data of tournament Liga Slippi Dominicana 2024 - Semana 1...
[2025-01-27 05:10:16]: Getting data of tournament Liga Slippi Dominicana 2024 - Semana 1...
[2025-01-27 05:10:32]: Getting data of tournament SEÑORE #1 - Low Tiers Edition...
[2025-01-27 05:11:04]: Getting data of tournament Since Ase Pila Tournament...
[2025-01-27 05:11:19]: Getting data of tournament The Neutralizer #1...
[2025-01-27 05:11:51]: Getting data of tournament Leof is bored tournament...
[2025-01-27 05:12:53]: Getting data of tournament Fo ta roto...
[2025-01-27 05:13:09]: Getting data of tournament The Slippi Arc DR #5...
[2025-01-27 05:13:25]: Getting data of tournament The Slippi Arc DR #4...
[2025-01-27 05:13:40]: Getting data of tournament The Slippi Arc DR #3...
[2025-01-27 05:13:56]: Getting data of tournament The Slippi Arc DR #2...
[2025-01-27 05:14:12]: Getting data of tournament The Slippi Arc DR #1...
[2025-01-27 05:14:28]: Getting data of tournament The Slippi Arc DR #0.5 Reverse Mainss...
[2025-01-27 05:14:28]: Tabulating online tournaments data...
[2025-01-27 05:14:59]: Getting data of tournament Smash Zell Last Dance Edition (#15)...
[2025-01-27 05:15:15]: Getting data of tournament Smash Zell Melee Edition #14 (Ranking ends December 30)...
[2025-01-27 05:15:31]: Getting data of tournament Smash Zell Melee edition #12+1...
[2025-01-27 05:15:46]: Getting data of tournament Smash Zell Melee edition #12...
[2025-01-27 05:16:02]: Getting data of tournament Smash Zell Melee edition #11...
[2025-01-27 05:16:18]: Getting data of tournament Smash Zell Melee Pendej0s Edition#2...
[2025-01-27 05:16:33]: Getting data of tournament Smash Zell Advanced Melee edition #1: 30$...
[2025-01-27 05:16:49]: Getting data of tournament Smash Zell Melee LOW LEVEL edition:...
[2025-01-27 05:17:05]: Getting data of tournament Smash Zell Melee edition #10: 10$ to the winner...
[2025-01-27 05:17:20]: Getting data of tournament Smash Zell Melee edition #9: 10$ to the winner...
[2025-01-27 05:17:36]: Getting data of tournament Smash Zell Melee edition #8: 10$ to the winner...
[2025-01-27 05:17:52]: Getting data of tournament Smash Zell Melee edition #7: 10$ to the winner...
[2025-01-27 05:18:07]: Getting data of tournament Smash Zell Melee edition #6...
[2025-01-27 05:18:23]: Getting data of tournament Smash Zell Melee edition #5 (New season): 10$ to the winner...
[2025-01-27 05:18:39]: Getting data of tournament Smash Zell Melee edition #4 (Final season): 10$ to the winner...
[2025-01-27 05:18:55]: Getting data of tournament Smash Zell Melee edition #3: 10$ to the winner...
[2025-01-27 05:19:10]: Getting data of tournament Smash Zell Melee edition#2: 20$ to the winner...
[2025-01-27 05:19:26]: Getting data of tournament Smash Zell Melee edition: 10$ to the winner...
[2025-01-27 05:19:26]: Tabulating online tournaments data...
[2025-01-27 05:19:57]: Getting data of tournament no meta, mardito maco DELUXE...
[2025-01-27 05:20:13]: Getting data of tournament no meta, mardito maco X...
[2025-01-27 05:20:29]: Getting data of tournament no meta, mardito maco 9...
[2025-01-27 05:20:45]: Getting data of tournament No meta, mardito maco 8...
[2025-01-27 05:21:00]: Getting data of tournament No meta, mardito maco 7...
[2025-01-27 05:21:32]: Getting data of tournament No meta, mardito maco 6...
[2025-01-27 05:21:47]: Getting data of tournament No meta, mardito maco 5...
[2025-01-27 05:22:03]: Getting data of tournament No meta, mardito maco 4...
[2025-01-27 05:22:19]: Getting data of tournament No meta, mardito maco 3...
[2025-01-27 05:22:35]: Getting data of tournament No meta, mardito maco 2...
[2025-01-27 05:22:50]: Getting data of tournament No meta, mardito maco...
[2025-01-27 05:22:50]: Tabulating online tournaments data...
[2025-01-27 05:22:50]: Joining online tournament data...
[2025-01-27 05:22:50]: Writing to Google Sheets...
[2025-01-27 05:22:51]: 488 cells updated for online events.
[2025-01-27 05:22:51]: Script finished.
