No logs to delete. In folder: 8. To keep: 10.
[2025-01-20 05:00:06]: Script started.
[2025-01-20 05:00:06]: Getting offline tournament data...
[2025-01-20 05:00:37]: Getting data of tournament LIFTING IRON...
[2025-01-20 05:01:09]: Getting data of tournament Don't Drown in Pools 2024...
[2025-01-20 05:01:40]: Getting data of tournament Don't Drown in Pools, Vol.3...
[2025-01-20 05:02:11]: Getting data of tournament The Wiri Store Melee Tournament #3...
[2025-01-20 05:02:27]: Getting data of tournament The Wiri Store Melee Tournament #2.5...
[2025-01-20 05:02:58]: Getting data of tournament The Wiri Store Melee Tournament #1...
[2025-01-20 05:03:14]: Getting data of tournament Game Over 2019...
[2025-01-20 05:03:30]: Getting data of tournament Fighting Fest 2018...
[2025-01-20 05:04:17]: Getting data of tournament Game Over Tournament...
[2025-01-20 05:04:17]: Tabulating offline tournaments data...
[2025-01-20 05:04:17]: Writing to Google Sheets...
[2025-01-20 05:04:19]: 80 cells updated for offline events.
[2025-01-20 05:05:06]: Getting data of tournament Liga Slippi Dominicana 2024 - Semana 8 (Final de temporada)...
[2025-01-20 05:05:37]: Getting data of tournament Liga Slippi Dominicana 2024 - Semana 7...
[2025-01-20 05:05:53]: Getting data of tournament Liga Slippi Dominicana 2024 - Semana 6 ($22 Pot para Div 2)...
[2025-01-20 05:06:08]: Getting data of tournament Liga Slippi Dominicana 2024 - Semana 6 ($22 Pot para Div 2)...
[2025-01-20 05:06:24]: Getting data of tournament Liga Slippi Dominicana 2024 - Semana 6 ($22 Pot para Div 2)...
[2025-01-20 05:06:40]: Getting data of tournament Liga Slippi Dominicana 2024 - Semana 5 (15$ pot)...
[2025-01-20 05:06:55]: Getting data of tournament Liga Slippi Dominicana 2024 - Semana 5 (15$ pot)...
[2025-01-20 05:07:11]: Getting data of tournament Liga Slippi Dominicana 2024 - Semana 5 (15$ pot)...
[2025-01-20 05:07:26]: Getting data of tournament Liga Slippi Dominicana 2024 - Semana 4...
[2025-01-20 05:07:42]: Getting data of tournament Liga Slippi Dominicana 2024 - Semana 4...
[2025-01-20 05:07:58]: Getting data of tournament Liga Slippi Dominicana 2024 - Semana 4...
[2025-01-20 05:08:13]: Getting data of tournament Liga Slippi Dominicana 2024 - Semana 3...
[2025-01-20 05:08:29]: Getting data of tournament Liga Slippi Dominicana 2024 - Semana 3...
[2025-01-20 05:08:45]: Getting data of tournament Liga Slippi Dominicana 2024 - Semana 3...
[2025-01-20 05:09:00]: Getting data of tournament Liga Slippi Dominicana 2024 - Semana 2...
[2025-01-20 05:09:16]: Getting data of tournament Liga Slippi Dominicana 2024 - Semana 2...
[2025-01-20 05:09:32]: Getting data of tournament Liga Slippi Dominicana 2024 - Semana 2...
[2025-01-20 05:09:47]: Getting data of tournament Liga Slippi Dominicana 2024 - Semana 1...
[2025-01-20 05:10:03]: Getting data of tournament Liga Slippi Dominicana 2024 - Semana 1...
[2025-01-20 05:10:19]: Getting data of tournament Liga Slippi Dominicana 2024 - Semana 1...
[2025-01-20 05:10:34]: Getting data of tournament SEÑORE #1 - Low Tiers Edition...
[2025-01-20 05:11:06]: Getting data of tournament Since Ase Pila Tournament...
[2025-01-20 05:11:21]: Getting data of tournament The Neutralizer #1...
[2025-01-20 05:11:53]: Getting data of tournament Leof is bored tournament...
[2025-01-20 05:12:55]: Getting data of tournament Fo ta roto...
[2025-01-20 05:13:11]: Getting data of tournament The Slippi Arc DR #5...
[2025-01-20 05:13:27]: Getting data of tournament The Slippi Arc DR #4...
[2025-01-20 05:13:42]: Getting data of tournament The Slippi Arc DR #3...
[2025-01-20 05:13:58]: Getting data of tournament The Slippi Arc DR #2...
[2025-01-20 05:14:14]: Getting data of tournament The Slippi Arc DR #1...
[2025-01-20 05:14:30]: Getting data of tournament The Slippi Arc DR #0.5 Reverse Mainss...
[2025-01-20 05:14:30]: Tabulating online tournaments data...
[2025-01-20 05:15:01]: Getting data of tournament Smash Zell Last Dance Edition (#15)...
[2025-01-20 05:15:17]: Getting data of tournament Smash Zell Melee Edition #14 (Ranking ends December 30)...
[2025-01-20 05:15:32]: Getting data of tournament Smash Zell Melee edition #12+1...
[2025-01-20 05:15:48]: Getting data of tournament Smash Zell Melee edition #12...
[2025-01-20 05:16:04]: Getting data of tournament Smash Zell Melee edition #11...
[2025-01-20 05:16:19]: Getting data of tournament Smash Zell Melee Pendej0s Edition#2...
[2025-01-20 05:16:35]: Getting data of tournament Smash Zell Advanced Melee edition #1: 30$...
[2025-01-20 05:16:51]: Getting data of tournament Smash Zell Melee LOW LEVEL edition:...
[2025-01-20 05:17:06]: Getting data of tournament Smash Zell Melee edition #10: 10$ to the winner...
[2025-01-20 05:17:22]: Getting data of tournament Smash Zell Melee edition #9: 10$ to the winner...
[2025-01-20 05:17:38]: Getting data of tournament Smash Zell Melee edition #8: 10$ to the winner...
[2025-01-20 05:17:53]: Getting data of tournament Smash Zell Melee edition #7: 10$ to the winner...
[2025-01-20 05:18:09]: Getting data of tournament Smash Zell Melee edition #6...
[2025-01-20 05:18:25]: Getting data of tournament Smash Zell Melee edition #5 (New season): 10$ to the winner...
[2025-01-20 05:18:41]: Getting data of tournament Smash Zell Melee edition #4 (Final season): 10$ to the winner...
[2025-01-20 05:18:56]: Getting data of tournament Smash Zell Melee edition #3: 10$ to the winner...
[2025-01-20 05:19:12]: Getting data of tournament Smash Zell Melee edition#2: 20$ to the winner...
[2025-01-20 05:19:28]: Getting data of tournament Smash Zell Melee edition: 10$ to the winner...
[2025-01-20 05:19:28]: Tabulating online tournaments data...
[2025-01-20 05:19:59]: Getting data of tournament no meta, mardito maco DELUXE...
[2025-01-20 05:20:15]: Getting data of tournament no meta, mardito maco X...
[2025-01-20 05:20:30]: Getting data of tournament no meta, mardito maco 9...
[2025-01-20 05:20:46]: Getting data of tournament No meta, mardito maco 8...
[2025-01-20 05:21:02]: Getting data of tournament No meta, mardito maco 7...
[2025-01-20 05:21:33]: Getting data of tournament No meta, mardito maco 6...
[2025-01-20 05:21:49]: Getting data of tournament No meta, mardito maco 5...
[2025-01-20 05:22:05]: Getting data of tournament No meta, mardito maco 4...
[2025-01-20 05:22:21]: Getting data of tournament No meta, mardito maco 3...
[2025-01-20 05:22:36]: Getting data of tournament No meta, mardito maco 2...
[2025-01-20 05:22:52]: Getting data of tournament No meta, mardito maco...
[2025-01-20 05:22:52]: Tabulating online tournaments data...
[2025-01-20 05:22:52]: Joining online tournament data...
[2025-01-20 05:22:52]: Writing to Google Sheets...
[2025-01-20 05:22:53]: 488 cells updated for online events.
[2025-01-20 05:22:53]: Script finished.
