Log '/home/vilmer/scripts/melee_tournaments/logs/rd_tournaments_20241201_154301.log' deleted.
[2024-12-02 05:00:05]: Script started.
[2024-12-02 05:00:05]: Getting offline tournament data...
[2024-12-02 05:00:36]: Getting data of tournament LIFTING IRON...
[2024-12-02 05:01:07]: Getting data of tournament Don't Drown in Pools 2024...
[2024-12-02 05:01:39]: Getting data of tournament Don't Drown in Pools, Vol.3...
[2024-12-02 05:02:10]: Getting data of tournament The Wiri Store Melee Tournament #3...
[2024-12-02 05:02:26]: Getting data of tournament The Wiri Store Melee Tournament #2.5...
[2024-12-02 05:02:57]: Getting data of tournament The Wiri Store Melee Tournament #1...
[2024-12-02 05:03:13]: Getting data of tournament Game Over 2019...
[2024-12-02 05:03:28]: Getting data of tournament Fighting Fest 2018...
[2024-12-02 05:04:15]: Getting data of tournament Game Over Tournament...
[2024-12-02 05:04:15]: Tabulating offline tournaments data...
[2024-12-02 05:04:15]: Writing to Google Sheets...
[2024-12-02 05:04:17]: 80 cells updated for offline events.
[2024-12-02 05:05:04]: Getting data of tournament Liga Slippi Dominicana 2024 - Semana 8 (Final de temporada)...
[2024-12-02 05:05:35]: Getting data of tournament Liga Slippi Dominicana 2024 - Semana 7...
[2024-12-02 05:05:51]: Getting data of tournament Liga Slippi Dominicana 2024 - Semana 6 ($22 Pot para Div 2)...
[2024-12-02 05:06:06]: Getting data of tournament Liga Slippi Dominicana 2024 - Semana 6 ($22 Pot para Div 2)...
[2024-12-02 05:06:22]: Getting data of tournament Liga Slippi Dominicana 2024 - Semana 6 ($22 Pot para Div 2)...
[2024-12-02 05:06:37]: Getting data of tournament Liga Slippi Dominicana 2024 - Semana 5 (15$ pot)...
[2024-12-02 05:06:53]: Getting data of tournament Liga Slippi Dominicana 2024 - Semana 5 (15$ pot)...
[2024-12-02 05:07:09]: Getting data of tournament Liga Slippi Dominicana 2024 - Semana 5 (15$ pot)...
[2024-12-02 05:07:24]: Getting data of tournament Liga Slippi Dominicana 2024 - Semana 4...
[2024-12-02 05:07:40]: Getting data of tournament Liga Slippi Dominicana 2024 - Semana 4...
[2024-12-02 05:07:56]: Getting data of tournament Liga Slippi Dominicana 2024 - Semana 4...
[2024-12-02 05:08:11]: Getting data of tournament Liga Slippi Dominicana 2024 - Semana 3...
[2024-12-02 05:08:27]: Getting data of tournament Liga Slippi Dominicana 2024 - Semana 3...
[2024-12-02 05:08:42]: Getting data of tournament Liga Slippi Dominicana 2024 - Semana 3...
[2024-12-02 05:08:58]: Getting data of tournament Liga Slippi Dominicana 2024 - Semana 2...
[2024-12-02 05:09:13]: Getting data of tournament Liga Slippi Dominicana 2024 - Semana 2...
[2024-12-02 05:09:29]: Getting data of tournament Liga Slippi Dominicana 2024 - Semana 2...
[2024-12-02 05:09:45]: Getting data of tournament Liga Slippi Dominicana 2024 - Semana 1...
[2024-12-02 05:10:00]: Getting data of tournament Liga Slippi Dominicana 2024 - Semana 1...
[2024-12-02 05:10:16]: Getting data of tournament Liga Slippi Dominicana 2024 - Semana 1...
[2024-12-02 05:10:32]: Getting data of tournament SEÑORE #1 - Low Tiers Edition...
[2024-12-02 05:11:03]: Getting data of tournament Since Ase Pila Tournament...
[2024-12-02 05:11:18]: Getting data of tournament The Neutralizer #1...
[2024-12-02 05:11:50]: Getting data of tournament Leof is bored tournament...
[2024-12-02 05:12:52]: Getting data of tournament Fo ta roto...
[2024-12-02 05:13:08]: Getting data of tournament The Slippi Arc DR #5...
[2024-12-02 05:13:23]: Getting data of tournament The Slippi Arc DR #4...
[2024-12-02 05:13:39]: Getting data of tournament The Slippi Arc DR #3...
[2024-12-02 05:13:55]: Getting data of tournament The Slippi Arc DR #2...
[2024-12-02 05:14:10]: Getting data of tournament The Slippi Arc DR #1...
[2024-12-02 05:14:26]: Getting data of tournament The Slippi Arc DR #0.5 Reverse Mainss...
[2024-12-02 05:14:26]: Tabulating online tournaments data...
[2024-12-02 05:14:57]: Getting data of tournament Smash Zell Last Dance Edition (#15)...
[2024-12-02 05:15:13]: Getting data of tournament Smash Zell Melee Edition #14 (Ranking ends December 30)...
[2024-12-02 05:15:28]: Getting data of tournament Smash Zell Melee edition #12+1...
[2024-12-02 05:15:44]: Getting data of tournament Smash Zell Melee edition #12...
[2024-12-02 05:16:00]: Getting data of tournament Smash Zell Melee edition #11...
[2024-12-02 05:16:15]: Getting data of tournament Smash Zell Melee Pendej0s Edition#2...
[2024-12-02 05:16:31]: Getting data of tournament Smash Zell Advanced Melee edition #1: 30$...
[2024-12-02 05:16:46]: Getting data of tournament Smash Zell Melee LOW LEVEL edition:...
[2024-12-02 05:17:02]: Getting data of tournament Smash Zell Melee edition #10: 10$ to the winner...
[2024-12-02 05:17:18]: Getting data of tournament Smash Zell Melee edition #9: 10$ to the winner...
[2024-12-02 05:17:33]: Getting data of tournament Smash Zell Melee edition #8: 10$ to the winner...
[2024-12-02 05:17:49]: Getting data of tournament Smash Zell Melee edition #7: 10$ to the winner...
[2024-12-02 05:18:05]: Getting data of tournament Smash Zell Melee edition #6...
[2024-12-02 05:18:20]: Getting data of tournament Smash Zell Melee edition #5 (New season): 10$ to the winner...
[2024-12-02 05:18:36]: Getting data of tournament Smash Zell Melee edition #4 (Final season): 10$ to the winner...
[2024-12-02 05:18:51]: Getting data of tournament Smash Zell Melee edition #3: 10$ to the winner...
[2024-12-02 05:19:07]: Getting data of tournament Smash Zell Melee edition#2: 20$ to the winner...
[2024-12-02 05:19:23]: Getting data of tournament Smash Zell Melee edition: 10$ to the winner...
[2024-12-02 05:19:23]: Tabulating online tournaments data...
[2024-12-02 05:19:54]: Getting data of tournament no meta, mardito maco DELUXE...
[2024-12-02 05:20:09]: Getting data of tournament no meta, mardito maco X...
[2024-12-02 05:20:25]: Getting data of tournament no meta, mardito maco 9...
[2024-12-02 05:20:41]: Getting data of tournament No meta, mardito maco 8...
[2024-12-02 05:20:56]: Getting data of tournament No meta, mardito maco 7...
[2024-12-02 05:21:27]: Getting data of tournament No meta, mardito maco 6...
[2024-12-02 05:21:43]: Getting data of tournament No meta, mardito maco 5...
[2024-12-02 05:21:59]: Getting data of tournament No meta, mardito maco 4...
[2024-12-02 05:22:14]: Getting data of tournament No meta, mardito maco 3...
[2024-12-02 05:22:30]: Getting data of tournament No meta, mardito maco 2...
[2024-12-02 05:22:46]: Getting data of tournament No meta, mardito maco...
[2024-12-02 05:22:46]: Tabulating online tournaments data...
[2024-12-02 05:22:46]: Joining online tournament data...
[2024-12-02 05:22:46]: Writing to Google Sheets...
[2024-12-02 05:22:46]: 488 cells updated for online events.
[2024-12-02 05:22:46]: Script finished.
